<?xml version="1.0" encoding="UTF-8"?>
<!-- Generated by org.testng.reporters.JUnitReportReporter -->
<testsuite skipped="0" hostname="DESKTOP-GM5SIE8" name="com.jbk.test.JBKtestcase3" tests="6" failures="0" timestamp="2023-02-17T18:28:32 IST" time="77.167" errors="0">
  <testcase name="titlecheck" time="10.396" classname="com.jbk.test.JBKtestcase3"/>
  <system-out/>
  <testcase name="deletelabel" time="13.780" classname="com.jbk.test.JBKtestcase3"/>
  <system-out/>
  <testcase name="invalidcreduser" time="11.256" classname="com.jbk.test.JBKtestcase3"/>
  <system-out/>
  <testcase name="addusertitle" time="14.646" classname="com.jbk.test.JBKtestcase3"/>
  <system-out/>
  <testcase name="invalidonlymobi" time="15.222" classname="com.jbk.test.JBKtestcase3"/>
  <system-out/>
  <testcase name="tabelheading" time="11.867" classname="com.jbk.test.JBKtestcase3"/>
  <system-out/>
</testsuite> <!-- com.jbk.test.JBKtestcase3 -->
