<?xml version="1.0" encoding="UTF-8"?>
<!-- Generated by org.testng.reporters.JUnitReportReporter -->
<testsuite skipped="0" hostname="DESKTOP-GM5SIE8" name="com.jbk.test.JBKtestcase4" tests="6" failures="0" timestamp="2023-02-17T18:28:32 IST" time="84.414" errors="0">
  <testcase name="checktablename" time="11.155" classname="com.jbk.test.JBKtestcase4"/>
  <system-out/>
  <testcase name="titlematch" time="16.162" classname="com.jbk.test.JBKtestcase4"/>
  <system-out/>
  <testcase name="Weekoperator" time="18.497" classname="com.jbk.test.JBKtestcase4"/>
  <system-out/>
  <testcase name="Whatsappuser" time="12.269" classname="com.jbk.test.JBKtestcase4"/>
  <system-out/>
  <testcase name="headercheck" time="12.757" classname="com.jbk.test.JBKtestcase4"/>
  <system-out/>
  <testcase name="onlytechnicaloperator" time="13.574" classname="com.jbk.test.JBKtestcase4"/>
  <system-out/>
</testsuite> <!-- com.jbk.test.JBKtestcase4 -->
