<?xml version="1.0" encoding="UTF-8"?>
<!-- Generated by org.testng.reporters.JUnitReportReporter -->
<testsuite skipped="0" hostname="DESKTOP-GM5SIE8" name="com.jbk.test.JBKtestcases2" tests="6" failures="0" timestamp="2023-02-17T18:28:32 IST" time="88.579" errors="0">
  <testcase name="headermatch" time="10.705" classname="com.jbk.test.JBKtestcases2"/>
  <system-out/>
  <testcase name="Userpagetitle" time="8.929" classname="com.jbk.test.JBKtestcases2"/>
  <system-out/>
  <testcase name="morelinkopen" time="13.269" classname="com.jbk.test.JBKtestcases2"/>
  <system-out/>
  <testcase name="subcontentcheck" time="32.475" classname="com.jbk.test.JBKtestcases2"/>
  <system-out/>
  <testcase name="contentcheck" time="11.965" classname="com.jbk.test.JBKtestcases2"/>
  <system-out/>
  <testcase name="logoutclickpagetitle" time="11.236" classname="com.jbk.test.JBKtestcases2"/>
  <system-out/>
</testsuite> <!-- com.jbk.test.JBKtestcases2 -->
