<?xml version="1.0" encoding="UTF-8"?>
<!-- Generated by org.testng.reporters.JUnitReportReporter -->
<testsuite skipped="0" hostname="DESKTOP-GM5SIE8" name="com.jbk.test.JBKtestcases" tests="6" failures="0" timestamp="2023-02-17T18:28:32 IST" time="71.464" errors="0">
  <testcase name="invalidcredentials" time="10.138" classname="com.jbk.test.JBKtestcases"/>
  <system-out/>
  <testcase name="Registerdlink" time="9.189" classname="com.jbk.test.JBKtestcases"/>
  <system-out/>
  <testcase name="JBKlogo" time="12.041" classname="com.jbk.test.JBKtestcases"/>
  <system-out/>
  <testcase name="emailerrormsg" time="14.258" classname="com.jbk.test.JBKtestcases"/>
  <system-out/>
  <testcase name="validcredential" time="18.435" classname="com.jbk.test.JBKtestcases"/>
  <system-out/>
  <testcase name="passworderrormsg" time="7.403" classname="com.jbk.test.JBKtestcases"/>
  <system-out/>
</testsuite> <!-- com.jbk.test.JBKtestcases -->
