<?xml version="1.0" encoding="UTF-8"?>
<!-- Generated by org.testng.reporters.JUnitReportReporter -->
<testsuite skipped="0" hostname="DESKTOP-GM5SIE8" name="com.jbk.test.JBKtestcase5" tests="6" failures="0" timestamp="2023-02-17T18:28:32 IST" time="287.938" errors="0">
  <testcase name="schedulelinklabeltitlecheck" time="37.738" classname="com.jbk.test.JBKtestcase5"/>
  <system-out/>
  <testcase name="placementlabeltitlecheck" time="22.984" classname="com.jbk.test.JBKtestcase5"/>
  <system-out/>
  <testcase name="headerboxtitlecheck" time="32.258" classname="com.jbk.test.JBKtestcase5"/>
  <system-out/>
  <testcase name="titlecheck" time="14.406" classname="com.jbk.test.JBKtestcase5"/>
  <system-out/>
  <testcase name="videolecturelabeltitle" time="166.756" classname="com.jbk.test.JBKtestcase5"/>
  <system-out/>
  <testcase name="tablenamecheck" time="13.796" classname="com.jbk.test.JBKtestcase5"/>
  <system-out/>
</testsuite> <!-- com.jbk.test.JBKtestcase5 -->
