<?xml version="1.0" encoding="UTF-8"?>
<!-- Generated by org.testng.reporters.JUnitReportReporter -->
<testsuite skipped="0" hostname="DESKTOP-GM5SIE8" name="com.tests.Userpagetestcase" tests="1" failures="0" timestamp="06 Mar 2023 17:49:43 GMT" time="0.035" errors="0">
  <testcase name="test01" time="0.035" classname="com.tests.Userpagetestcase"/>
</testsuite> <!-- com.tests.Userpagetestcase -->
