<?xml version="1.0" encoding="UTF-8"?>
<!-- Generated by org.testng.reporters.JUnitReportReporter -->
<testsuite skipped="0" hostname="DESKTOP-GM5SIE8" name="com.tests.Dashboardpgtest" tests="1" failures="0" timestamp="2023-03-07T12:25:17 IST" time="0.080" errors="0">
  <testcase name="test01" time="0.080" classname="com.tests.Dashboardpgtest"/>
  <system-out/>
</testsuite> <!-- com.tests.Dashboardpgtest -->
