<?xml version="1.0" encoding="UTF-8"?>
<!-- Generated by org.testng.reporters.JUnitReportReporter -->
<testsuite skipped="0" hostname="DESKTOP-GM5SIE8" name="com.tests.LoginTest" tests="1" failures="0" timestamp="2023-03-07T19:32:40 IST" time="0.009" errors="0">
  <testcase name="test01" time="0.009" classname="com.tests.LoginTest"/>
  <system-out/>
</testsuite> <!-- com.tests.LoginTest -->
